<?xml version="1.0" encoding="UTF-8"?>
<!-- Generated by org.testng.reporters.JUnitXMLReporter -->
<testsuite ignored="0" hostname="ndi-mb-013" failures="0" tests="2" name="Default test" time="12.301" errors="0" timestamp="29 Mar 2019 06:39:28 GMT">
  <testcase classname="com.Trex.DeckDesiner.Automation.TestCases.ValidateTrexDeckDesignLandingPage" name="validateTrexAdminLandingPageIsDisplayed" time="7.225"/>
  <testcase classname="com.Trex.DeckDesiner.Automation.TestCases.ValidateTrexDeckDesignLandingPage" name="validateTrexDeckDesignLandingPage" time="5.047"/>
</testsuite> <!-- Default test -->
