<?xml version="1.0" encoding="UTF-8"?>
<!-- Generated by org.testng.reporters.JUnitXMLReporter -->
<testsuite hostname="NDI-MB-046" ignored="0" name="Test" tests="2" failures="0" timestamp="25 Mar 2019 09:54:33 GMT" time="3.811" errors="0">
  <testcase name="validateLoginWithValidDetails" time="2.157" classname="com.Trex.DeckDesiner.Automation.TestCases.ValidateUserLoginAPI"/>
  <testcase name="validateLoginWithInValidEmail" time="1.348" classname="com.Trex.DeckDesiner.Automation.TestCases.ValidateUserLoginAPI"/>
</testsuite> <!-- Test -->
