<?xml version="1.0" encoding="UTF-8"?>
<testng-results ignored="0" total="2" passed="2" failed="0" skipped="0">
  <reporter-output>
  </reporter-output>
  <suite started-at="2019-03-29T06:39:16Z" name="Default suite" finished-at="2019-03-29T06:39:28Z" duration-ms="12301">
    <groups>
    </groups>
    <test started-at="2019-03-29T06:39:16Z" name="Default test" finished-at="2019-03-29T06:39:28Z" duration-ms="12301">
      <class name="com.Trex.DeckDesiner.Automation.TestCases.ValidateTrexDeckDesignLandingPage">
        <test-method signature="validateTrexAdminLandingPageIsDisplayed()[pri:0, instance:com.Trex.DeckDesiner.Automation.TestCases.ValidateTrexDeckDesignLandingPage@2a266d09]" started-at="2019-03-29T06:39:16Z" name="validateTrexAdminLandingPageIsDisplayed" finished-at="2019-03-29T06:39:23Z" duration-ms="7225" status="PASS">
          <reporter-output>
          </reporter-output>
        </test-method> <!-- validateTrexAdminLandingPageIsDisplayed -->
        <test-method signature="validateTrexDeckDesignLandingPage()[pri:0, instance:com.Trex.DeckDesiner.Automation.TestCases.ValidateTrexDeckDesignLandingPage@2a266d09]" started-at="2019-03-29T06:39:23Z" name="validateTrexDeckDesignLandingPage" finished-at="2019-03-29T06:39:28Z" duration-ms="5047" status="PASS">
          <reporter-output>
          </reporter-output>
        </test-method> <!-- validateTrexDeckDesignLandingPage -->
      </class> <!-- com.Trex.DeckDesiner.Automation.TestCases.ValidateTrexDeckDesignLandingPage -->
    </test> <!-- Default test -->
  </suite> <!-- Default suite -->
</testng-results>
